<?xml version="1.0" encoding="UTF-8"?>
<testsuite xmlns:xsi="http://www.w3.org/2001/XMLSchema-instance" xsi:noNamespaceSchemaLocation="https://maven.apache.org/surefire/maven-surefire-plugin/xsd/surefire-test-report-3.0.xsd" version="3.0" name="com.example.PrimePicks.PrimePicksApplicationTests" time="8.157" tests="1" errors="0" skipped="0" failures="0">
  <properties>
[...]
</properties>
  <testcase name="contextLoads" classname="com.example.PrimePicks.PrimePicksApplicationTests" time="0.71">
    <system-out><![CDATA[13:36:45.851 [main] INFO org.springframework.test.context.support.AnnotationConfigContextLoaderUtils -- Could not detect default configuration classes for test class [com.example.PrimePicks.PrimePicksApplicationTests]: PrimePicksApplicationTests does not declare any static, non-private, non-final, nested classes annotated with @Configuration.
13:36:46.003 [main] INFO org.springframework.boot.test.context.SpringBootTestContextBootstrapper -- Found @SpringBootConfiguration com.example.PrimePicks.PrimePicksApplication for test class com.example.PrimePicks.PrimePicksApplicationTests
13:36:46.248 [main] INFO org.springframework.boot.devtools.restart.RestartApplicationListener -- Restart disabled due to context in which it is running
  .   ____          _            __ _ _
 /\\ / ___'_ __ _ _(_)_ __  __ _ \ \ \ \
( ( )\___ | '_ | '_| | '_ \/ _` | \ \ \ \
 \\/  ___)| |_)| | | | | || (_| |  ) ) ) )
  '  |____| .__|_| |_|_| |_\__, | / / / /
 =========|_|==============|___/=/_/_/_/

 :: Spring Boot ::       (v3.3.0-SNAPSHOT)

2024-05-18T13:36:46.797+03:00  INFO 14696 --- [           main] c.e.P.PrimePicksApplicationTests         : Starting PrimePicksApplicationTests using Java 22.0.1 with PID 14696 (started by Emre in C:\Users\PC\Desktop\PrimePicks)
2024-05-18T13:36:46.800+03:00  INFO 14696 --- [           main] c.e.P.PrimePicksApplicationTests         : No active profile set, falling back to 1 default profile: "default"
2024-05-18T13:36:48.160+03:00  INFO 14696 --- [           main] .s.d.r.c.RepositoryConfigurationDelegate : Bootstrapping Spring Data JPA repositories in DEFAULT mode.
2024-05-18T13:36:48.262+03:00  INFO 14696 --- [           main] .s.d.r.c.RepositoryConfigurationDelegate : Finished Spring Data repository scanning in 89 ms. Found 3 JPA repository interfaces.
2024-05-18T13:36:49.027+03:00  INFO 14696 --- [           main] o.hibernate.jpa.internal.util.LogHelper  : HHH000204: Processing PersistenceUnitInfo [name: default]
2024-05-18T13:36:49.130+03:00  INFO 14696 --- [           main] org.hibernate.Version                    : HHH000412: Hibernate ORM core version 6.5.0.Final
2024-05-18T13:36:49.184+03:00  INFO 14696 --- [           main] o.h.c.internal.RegionFactoryInitiator    : HHH000026: Second-level cache disabled
2024-05-18T13:36:49.602+03:00  INFO 14696 --- [           main] o.s.o.j.p.SpringPersistenceUnitInfo      : No LoadTimeWeaver setup: ignoring JPA class transformer
2024-05-18T13:36:49.649+03:00  INFO 14696 --- [           main] com.zaxxer.hikari.HikariDataSource       : HikariPool-1 - Starting...
2024-05-18T13:36:49.887+03:00  INFO 14696 --- [           main] com.zaxxer.hikari.pool.HikariPool        : HikariPool-1 - Added connection com.mysql.cj.jdbc.ConnectionImpl@38fb151a
2024-05-18T13:36:49.889+03:00  INFO 14696 --- [           main] com.zaxxer.hikari.HikariDataSource       : HikariPool-1 - Start completed.
2024-05-18T13:36:49.963+03:00  WARN 14696 --- [           main] org.hibernate.dialect.Dialect            : HHH000511: The 5.5.5 version for [org.hibernate.dialect.MySQLDialect] is no longer supported, hence certain features may not work properly. The minimum supported version is 8.0.0. Check the community dialects project for available legacy versions.
2024-05-18T13:36:49.971+03:00  WARN 14696 --- [           main] org.hibernate.orm.deprecation            : HHH90000025: MySQLDialect does not need to be specified explicitly using 'hibernate.dialect' (remove the property setting and it will be selected by default)
2024-05-18T13:36:51.379+03:00  INFO 14696 --- [           main] o.h.e.t.j.p.i.JtaPlatformInitiator       : HHH000489: No JTA platform available (set 'hibernate.transaction.jta.platform' to enable JTA platform integration)
2024-05-18T13:36:51.522+03:00  INFO 14696 --- [           main] j.LocalContainerEntityManagerFactoryBean : Initialized JPA EntityManagerFactory for persistence unit 'default'
2024-05-18T13:36:52.249+03:00  WARN 14696 --- [           main] JpaBaseConfiguration$JpaWebConfiguration : spring.jpa.open-in-view is enabled by default. Therefore, database queries may be performed during view rendering. Explicitly configure spring.jpa.open-in-view to disable this warning
2024-05-18T13:36:53.023+03:00  INFO 14696 --- [           main] c.e.P.PrimePicksApplicationTests         : Started PrimePicksApplicationTests in 6.795 seconds (process running for 8.198)
]]></system-out>
    <system-err><![CDATA[WARNING: A Java agent has been loaded dynamically (C:\Users\PC\.m2\repository\net\bytebuddy\byte-buddy-agent\1.14.15\byte-buddy-agent-1.14.15.jar)
WARNING: If a serviceability tool is in use, please run with -XX:+EnableDynamicAgentLoading to hide this warning
WARNING: If a serviceability tool is not in use, please run with -Djdk.instrument.traceUsage for more information
WARNING: Dynamic loading of agents will be disallowed by default in a future release
]]></system-err>
  </testcase>
</testsuite>